C:\Users\Пользователь\Desktop\code_dipl\acts\utils\ks2_gen.py changed, reloading.
Watching for file changes with StatReloader
C:\Users\Пользователь\Desktop\code_dipl\acts\utils\ks2_gen.py changed, reloading.
Watching for file changes with StatReloader
C:\Users\Пользователь\Desktop\code_dipl\acts\utils\ks3_gen.py changed, reloading.
Watching for file changes with StatReloader
C:\Users\Пользователь\Desktop\code_dipl\acts\forms.py changed, reloading.
Watching for file changes with StatReloader
C:\Users\Пользователь\Desktop\code_dipl\acts\forms.py changed, reloading.
Watching for file changes with StatReloader
Not Found: /.well-known/appspecific/com.chrome.devtools.json
Not Found: /.well-known/appspecific/com.chrome.devtools.json
Not Found: /.well-known/appspecific/com.chrome.devtools.json
   Работа 1: gffgff | Кол-во: 5.000 | Цена: 9999.99
 Сценарий 1: Все работы на 1-й странице
 PDF сохранён: C:\Users\Пользователь\Desktop\code_dipl\media\output\tmpqkvki3un.pdf
 Заполнено работ: 1
   Работа 1: gffgff | Кол-во: 5.000 | Цена: 5.00
 Сценарий 1: Все работы на 1-й странице
 PDF сохранён: C:\Users\Пользователь\Desktop\code_dipl\media\output\tmpat2dqs5o.pdf
 Заполнено работ: 1
C:\Users\Пользователь\Desktop\code_dipl\acts\models.py changed, reloading.
Watching for file changes with StatReloader
C:\Users\Пользователь\Desktop\code_dipl\acts\models.py changed, reloading.
Watching for file changes with StatReloader
Watching for file changes with StatReloader
C:\Users\Пользователь\Desktop\code_dipl\acts\forms.py changed, reloading.
Watching for file changes with StatReloader
C:\Users\Пользователь\Desktop\code_dipl\acts\forms.py changed, reloading.
Watching for file changes with StatReloader
C:\Users\Пользователь\Desktop\code_dipl\acts\forms.py changed, reloading.
Watching for file changes with StatReloader
C:\Users\Пользователь\Desktop\code_dipl\acts\forms.py changed, reloading.
Watching for file changes with StatReloader
C:\Users\Пользователь\Desktop\code_dipl\acts\views.py changed, reloading.
Watching for file changes with StatReloader
C:\Users\Пользователь\Desktop\code_dipl\acts\views.py changed, reloading.
Watching for file changes with StatReloader
C:\Users\Пользователь\Desktop\code_dipl\acts\views.py changed, reloading.
Watching for file changes with StatReloader
C:\Users\Пользователь\Desktop\code_dipl\acts\views.py changed, reloading.
Watching for file changes with StatReloader
C:\Users\Пользователь\Desktop\code_dipl\acts\views.py changed, reloading.
Watching for file changes with StatReloader
C:\Users\Пользователь\Desktop\code_dipl\acts\views.py changed, reloading.
Watching for file changes with StatReloader
C:\Users\Пользователь\Desktop\code_dipl\acts\views.py changed, reloading.
Watching for file changes with StatReloader
C:\Users\Пользователь\Desktop\code_dipl\acts\views.py changed, reloading.
Watching for file changes with StatReloader
C:\Users\Пользователь\Desktop\code_dipl\acts\views.py changed, reloading.
Watching for file changes with StatReloader
C:\Users\Пользователь\Desktop\code_dipl\acts\views.py changed, reloading.
Watching for file changes with StatReloader
C:\Users\Пользователь\Desktop\code_dipl\acts\views.py changed, reloading.
Watching for file changes with StatReloader
C:\Users\Пользователь\Desktop\code_dipl\acts\views.py changed, reloading.
Watching for file changes with StatReloader
C:\Users\Пользователь\Desktop\code_dipl\acts\forms.py changed, reloading.
Watching for file changes with StatReloader
C:\Users\Пользователь\Desktop\code_dipl\acts\forms.py changed, reloading.
Watching for file changes with StatReloader
Not Found: /.well-known/appspecific/com.chrome.devtools.json
   Работа 1: вавава | Кол-во: 500.000 | Цена: 565.00
 Сценарий 1: Все работы на 1-й странице
 PDF сохранён: C:\Users\Пользователь\Desktop\code_dipl\media\output\tmpi1ibfphv.pdf
 Заполнено работ: 1
   Работа 1: ggfdgfd | За период: 500
 PDF сохранён: C:\Users\Пользователь\Desktop\code_dipl\media\output\tmpvv3s40m7.pdf
 Заполнено работ: 1 из 14
 Итого за период: 500.0
C:\Users\Пользователь\Desktop\code_dipl\acts\utils\ks2_gen.py changed, reloading.
Watching for file changes with StatReloader
C:\Users\Пользователь\Desktop\code_dipl\acts\utils\ks2_gen.py changed, reloading.
Watching for file changes with StatReloader
C:\Users\Пользователь\Desktop\code_dipl\acts\utils\ks2_gen.py changed, reloading.
Watching for file changes with StatReloader
C:\Users\Пользователь\Desktop\code_dipl\acts\utils\ks2_gen.py changed, reloading.
Watching for file changes with StatReloader
C:\Users\Пользователь\Desktop\code_dipl\acts\utils\ks2_gen.py changed, reloading.
Watching for file changes with StatReloader
   Работа 1: ggfdgfd | За период: 500
 PDF сохранён: C:\Users\Пользователь\Desktop\code_dipl\media\output\tmprk2zfpq0.pdf
 Заполнено работ: 1 из 14
 Итого за период: 500.0
Watching for file changes with StatReloader
 Ошибка генерации КС-2: cannot access local variable 'vat_rate' where it is not associated with a value
 Ошибка генерации КС-2: cannot access local variable 'vat_rate' where it is not associated with a value
C:\Users\Пользователь\Desktop\code_dipl\acts\utils\ks2_gen.py changed, reloading.
Watching for file changes with StatReloader
C:\Users\Пользователь\Desktop\code_dipl\acts\utils\ks2_gen.py changed, reloading.
Watching for file changes with StatReloader
C:\Users\Пользователь\Desktop\code_dipl\acts\utils\ks2_gen.py changed, reloading.
Watching for file changes with StatReloader
C:\Users\Пользователь\Desktop\code_dipl\acts\utils\ks2_gen.py changed, reloading.
Watching for file changes with StatReloader
 Сценарий 1: Все работы на 1-й странице
 Ошибка генерации КС-2: cannot access local variable 'vat_rate' where it is not associated with a value
C:\Users\Пользователь\Desktop\code_dipl\acts\utils\ks2_gen.py changed, reloading.
Watching for file changes with StatReloader
C:\Users\Пользователь\Desktop\code_dipl\acts\utils\ks2_gen.py changed, reloading.
Watching for file changes with StatReloader
C:\Users\Пользователь\Desktop\code_dipl\acts\utils\ks2_gen.py changed, reloading.
Watching for file changes with StatReloader
 Сценарий 1: Все работы на 1-й странице
 PDF сохранён: C:\Users\Пользователь\Desktop\code_dipl\media\output\tmpgm2g4uue.pdf
 Заполнено работ: 0
C:\Users\Пользователь\Desktop\code_dipl\acts\utils\ks2_gen.py changed, reloading.
Watching for file changes with StatReloader
 Сценарий 1: Все работы на 1-й странице
 PDF сохранён: C:\Users\Пользователь\Desktop\code_dipl\media\output\tmpyoqxx1e9.pdf
 Заполнено работ: 0
C:\Users\Пользователь\Desktop\code_dipl\acts\utils\ks2_gen.py changed, reloading.
Watching for file changes with StatReloader
C:\Users\Пользователь\Desktop\code_dipl\acts\utils\ks2_gen.py changed, reloading.
Watching for file changes with StatReloader
   Работа 1: ggfdgfd | За период: 500
 PDF сохранён: C:\Users\Пользователь\Desktop\code_dipl\media\output\tmp47yhjosl.pdf
 Заполнено работ: 1 из 14
 Итого за период: 500.0
C:\Users\Пользователь\Desktop\code_dipl\acts\utils\ks2_gen.py changed, reloading.
Watching for file changes with StatReloader
C:\Users\Пользователь\Desktop\code_dipl\acts\utils\ks2_gen.py changed, reloading.
Watching for file changes with StatReloader
C:\Users\Пользователь\Desktop\code_dipl\acts\utils\ks2_gen.py changed, reloading.
Watching for file changes with StatReloader
C:\Users\Пользователь\Desktop\code_dipl\acts\utils\ks2_gen.py changed, reloading.
Watching for file changes with StatReloader
C:\Users\Пользователь\Desktop\code_dipl\acts\utils\ks2_gen.py changed, reloading.
Watching for file changes with StatReloader
C:\Users\Пользователь\Desktop\code_dipl\acts\utils\ks2_gen.py changed, reloading.
Watching for file changes with StatReloader
   Работа 1: вавава | Кол-во: 500.000 | Цена: 565.00
 Сценарий 1: Все работы на 1-й странице
 PDF сохранён: C:\Users\Пользователь\Desktop\code_dipl\media\output\tmpxm50gzzm.pdf
 Заполнено работ: 1
C:\Users\Пользователь\Desktop\code_dipl\acts\utils\ks2_gen.py changed, reloading.
Watching for file changes with StatReloader
   Работа 1: вавава | Кол-во: 500.000 | Цена: 565.00
 Сценарий 1: Все работы на 1-й странице
 PDF сохранён: C:\Users\Пользователь\Desktop\code_dipl\media\output\tmp64pcdci2.pdf
 Заполнено работ: 1
C:\Users\Пользователь\Desktop\code_dipl\acts\forms.py changed, reloading.
Watching for file changes with StatReloader
C:\Users\Пользователь\Desktop\code_dipl\acts\forms.py changed, reloading.
Watching for file changes with StatReloader
C:\Users\Пользователь\Desktop\code_dipl\acts\forms.py changed, reloading.
Watching for file changes with StatReloader
C:\Users\Пользователь\Desktop\code_dipl\acts\forms.py changed, reloading.
Watching for file changes with StatReloader
C:\Users\Пользователь\Desktop\code_dipl\acts\forms.py changed, reloading.
Watching for file changes with StatReloader
C:\Users\Пользователь\Desktop\code_dipl\acts\forms.py changed, reloading.
Watching for file changes with StatReloader
C:\Users\Пользователь\Desktop\code_dipl\acts\forms.py changed, reloading.
Watching for file changes with StatReloader
C:\Users\Пользователь\Desktop\code_dipl\acts\forms.py changed, reloading.
Watching for file changes with StatReloader
C:\Users\Пользователь\Desktop\code_dipl\acts\forms.py changed, reloading.
Watching for file changes with StatReloader
C:\Users\Пользователь\Desktop\code_dipl\acts\forms.py changed, reloading.
Watching for file changes with StatReloader
C:\Users\Пользователь\Desktop\code_dipl\acts\forms.py changed, reloading.
Watching for file changes with StatReloader
C:\Users\Пользователь\Desktop\code_dipl\acts\forms.py changed, reloading.
Watching for file changes with StatReloader
C:\Users\Пользователь\Desktop\code_dipl\acts\forms.py changed, reloading.
Watching for file changes with StatReloader
   Работа 1: вавава | Кол-во: 500.000 | Цена: 565.00
 Сценарий 1: Все работы на 1-й странице
 PDF сохранён: C:\Users\Пользователь\Desktop\code_dipl\media\output\tmpziox3nj5.pdf
 Заполнено работ: 1
   Работа 1: вавава | Кол-во: 500.000 | Цена: 565.00
 Сценарий 1: Все работы на 1-й странице
 PDF сохранён: C:\Users\Пользователь\Desktop\code_dipl\media\output\tmpq9s0koyl.pdf
 Заполнено работ: 1
C:\Users\Пользователь\Desktop\code_dipl\acts\views.py changed, reloading.
Watching for file changes with StatReloader
C:\Users\Пользователь\Desktop\code_dipl\acts\views.py changed, reloading.
Watching for file changes with StatReloader
C:\Users\Пользователь\Desktop\code_dipl\acts\views.py changed, reloading.
Watching for file changes with StatReloader
C:\Users\Пользователь\Desktop\code_dipl\acts\views.py changed, reloading.
Watching for file changes with StatReloader
C:\Users\Пользователь\Desktop\code_dipl\acts\views.py changed, reloading.
Watching for file changes with StatReloader
C:\Users\Пользователь\Desktop\code_dipl\acts\views.py changed, reloading.
Watching for file changes with StatReloader
C:\Users\Пользователь\Desktop\code_dipl\acts\views.py changed, reloading.
Watching for file changes with StatReloader
C:\Users\Пользователь\Desktop\code_dipl\acts\views.py changed, reloading.
Watching for file changes with StatReloader
C:\Users\Пользователь\Desktop\code_dipl\acts\views.py changed, reloading.
Watching for file changes with StatReloader
C:\Users\Пользователь\Desktop\code_dipl\acts\views.py changed, reloading.
Watching for file changes with StatReloader
C:\Users\Пользователь\Desktop\code_dipl\acts\views.py changed, reloading.
Watching for file changes with StatReloader
C:\Users\Пользователь\Desktop\code_dipl\acts\views.py changed, reloading.
Watching for file changes with StatReloader
C:\Users\Пользователь\Desktop\code_dipl\acts\views.py changed, reloading.
Watching for file changes with StatReloader
C:\Users\Пользователь\Desktop\code_dipl\acts\views.py changed, reloading.
Watching for file changes with StatReloader
C:\Users\Пользователь\Desktop\code_dipl\acts\views.py changed, reloading.
Watching for file changes with StatReloader
C:\Users\Пользователь\Desktop\code_dipl\acts\views.py changed, reloading.
Watching for file changes with StatReloader
C:\Users\Пользователь\Desktop\code_dipl\acts\views.py changed, reloading.
Watching for file changes with StatReloader
C:\Users\Пользователь\Desktop\code_dipl\acts\views.py changed, reloading.
Watching for file changes with StatReloader
C:\Users\Пользователь\Desktop\code_dipl\acts\views.py changed, reloading.
Watching for file changes with StatReloader
Internal Server Error: /ks2/create/
Traceback (most recent call last):
  File "C:\Users\Пользователь\Desktop\code_dipl\venv\Lib\site-packages\django\core\handlers\exception.py", line 55, in inner
    response = get_response(request)
               ^^^^^^^^^^^^^^^^^^^^^
  File "C:\Users\Пользователь\Desktop\code_dipl\venv\Lib\site-packages\django\core\handlers\base.py", line 197, in _get_response
    response = wrapped_callback(request, *callback_args, **callback_kwargs)
               ^^^^^^^^^^^^^^^^^^^^^^^^^^^^^^^^^^^^^^^^^^^^^^^^^^^^^^^^^^^^
  File "C:\Users\Пользователь\Desktop\code_dipl\venv\Lib\site-packages\django\contrib\auth\decorators.py", line 23, in _wrapper_view
    return view_func(request, *args, **kwargs)
           ^^^^^^^^^^^^^^^^^^^^^^^^^^^^^^^^^^^
  File "C:\Users\Пользователь\Desktop\code_dipl\acts\views.py", line 87, in create_act
    if work_id:
       ^^^^^^^
UnboundLocalError: cannot access local variable 'work_id' where it is not associated with a value
C:\Users\Пользователь\Desktop\code_dipl\acts\views.py changed, reloading.
Watching for file changes with StatReloader
C:\Users\Пользователь\Desktop\code_dipl\acts\views.py changed, reloading.
Watching for file changes with StatReloader
C:\Users\Пользователь\Desktop\code_dipl\acts\views.py changed, reloading.
Watching for file changes with StatReloader
C:\Users\Пользователь\Desktop\code_dipl\acts\views.py changed, reloading.
Watching for file changes with StatReloader
C:\Users\Пользователь\Desktop\code_dipl\acts\views.py changed, reloading.
Watching for file changes with StatReloader
C:\Users\Пользователь\Desktop\code_dipl\acts\views.py changed, reloading.
Watching for file changes with StatReloader
C:\Users\Пользователь\Desktop\code_dipl\acts\views.py changed, reloading.
Watching for file changes with StatReloader
C:\Users\Пользователь\Desktop\code_dipl\acts\views.py changed, reloading.
Watching for file changes with StatReloader
C:\Users\Пользователь\Desktop\code_dipl\acts\views.py changed, reloading.
Watching for file changes with StatReloader
C:\Users\Пользователь\Desktop\code_dipl\acts\views.py changed, reloading.
Watching for file changes with StatReloader
C:\Users\Пользователь\Desktop\code_dipl\acts\views.py changed, reloading.
Watching for file changes with StatReloader
C:\Users\Пользователь\Desktop\code_dipl\acts\views.py changed, reloading.
Watching for file changes with StatReloader
C:\Users\Пользователь\Desktop\code_dipl\acts\views.py changed, reloading.
Watching for file changes with StatReloader
C:\Users\Пользователь\Desktop\code_dipl\acts\views.py changed, reloading.
Watching for file changes with StatReloader
C:\Users\Пользователь\Desktop\code_dipl\acts\views.py changed, reloading.
Watching for file changes with StatReloader
C:\Users\Пользователь\Desktop\code_dipl\acts\views.py changed, reloading.
Watching for file changes with StatReloader
C:\Users\Пользователь\Desktop\code_dipl\acts\views.py changed, reloading.
Watching for file changes with StatReloader
Internal Server Error: /ks2/create/
Traceback (most recent call last):
  File "C:\Users\Пользователь\Desktop\code_dipl\venv\Lib\site-packages\django\core\handlers\exception.py", line 55, in inner
    response = get_response(request)
               ^^^^^^^^^^^^^^^^^^^^^
  File "C:\Users\Пользователь\Desktop\code_dipl\venv\Lib\site-packages\django\core\handlers\base.py", line 197, in _get_response
    response = wrapped_callback(request, *callback_args, **callback_kwargs)
               ^^^^^^^^^^^^^^^^^^^^^^^^^^^^^^^^^^^^^^^^^^^^^^^^^^^^^^^^^^^^
  File "C:\Users\Пользователь\Desktop\code_dipl\venv\Lib\site-packages\django\contrib\auth\decorators.py", line 23, in _wrapper_view
    return view_func(request, *args, **kwargs)
           ^^^^^^^^^^^^^^^^^^^^^^^^^^^^^^^^^^^
  File "C:\Users\Пользователь\Desktop\code_dipl\acts\views.py", line 87, in create_act
    if work_id:
       ^^^^^^^
UnboundLocalError: cannot access local variable 'work_id' where it is not associated with a value
C:\Users\Пользователь\Desktop\code_dipl\acts\views.py changed, reloading.
Watching for file changes with StatReloader
C:\Users\Пользователь\Desktop\code_dipl\acts\views.py changed, reloading.
Watching for file changes with StatReloader
C:\Users\Пользователь\Desktop\code_dipl\acts\views.py changed, reloading.
Watching for file changes with StatReloader
C:\Users\Пользователь\Desktop\code_dipl\acts\views.py changed, reloading.
Watching for file changes with StatReloader
C:\Users\Пользователь\Desktop\code_dipl\acts\views.py changed, reloading.
Watching for file changes with StatReloader
C:\Users\Пользователь\Desktop\code_dipl\acts\views.py changed, reloading.
Watching for file changes with StatReloader
   Работа 1: вывыввы | Кол-во: 5.000 | Цена: 50.00
 Сценарий 1: Все работы на 1-й странице
 PDF сохранён: C:\Users\Пользователь\Desktop\code_dipl\media\output\tmpd4q_6qhf.pdf
 Заполнено работ: 1
Internal Server Error: /login/
Traceback (most recent call last):
  File "C:\Users\Пользователь\Desktop\code_dipl\venv\Lib\site-packages\django\core\handlers\exception.py", line 55, in inner
    response = get_response(request)
               ^^^^^^^^^^^^^^^^^^^^^
  File "C:\Users\Пользователь\Desktop\code_dipl\venv\Lib\site-packages\django\core\handlers\base.py", line 220, in _get_response
    response = response.render()
               ^^^^^^^^^^^^^^^^^
  File "C:\Users\Пользователь\Desktop\code_dipl\venv\Lib\site-packages\django\template\response.py", line 114, in render
    self.content = self.rendered_content
                   ^^^^^^^^^^^^^^^^^^^^^
  File "C:\Users\Пользователь\Desktop\code_dipl\venv\Lib\site-packages\django\template\response.py", line 90, in rendered_content
    template = self.resolve_template(self.template_name)
               ^^^^^^^^^^^^^^^^^^^^^^^^^^^^^^^^^^^^^^^^^
  File "C:\Users\Пользователь\Desktop\code_dipl\venv\Lib\site-packages\django\template\response.py", line 72, in resolve_template
    return select_template(template, using=self.using)
           ^^^^^^^^^^^^^^^^^^^^^^^^^^^^^^^^^^^^^^^^^^^
  File "C:\Users\Пользователь\Desktop\code_dipl\venv\Lib\site-packages\django\template\loader.py", line 47, in select_template
    raise TemplateDoesNotExist(", ".join(template_name_list), chain=chain)
django.template.exceptions.TemplateDoesNotExist: registration/login.html
Internal Server Error: /login/
Traceback (most recent call last):
  File "C:\Users\Пользователь\Desktop\code_dipl\venv\Lib\site-packages\django\core\handlers\exception.py", line 55, in inner
    response = get_response(request)
               ^^^^^^^^^^^^^^^^^^^^^
  File "C:\Users\Пользователь\Desktop\code_dipl\venv\Lib\site-packages\django\core\handlers\base.py", line 220, in _get_response
    response = response.render()
               ^^^^^^^^^^^^^^^^^
  File "C:\Users\Пользователь\Desktop\code_dipl\venv\Lib\site-packages\django\template\response.py", line 114, in render
    self.content = self.rendered_content
                   ^^^^^^^^^^^^^^^^^^^^^
  File "C:\Users\Пользователь\Desktop\code_dipl\venv\Lib\site-packages\django\template\response.py", line 90, in rendered_content
    template = self.resolve_template(self.template_name)
               ^^^^^^^^^^^^^^^^^^^^^^^^^^^^^^^^^^^^^^^^^
  File "C:\Users\Пользователь\Desktop\code_dipl\venv\Lib\site-packages\django\template\response.py", line 72, in resolve_template
    return select_template(template, using=self.using)
           ^^^^^^^^^^^^^^^^^^^^^^^^^^^^^^^^^^^^^^^^^^^
  File "C:\Users\Пользователь\Desktop\code_dipl\venv\Lib\site-packages\django\template\loader.py", line 47, in select_template
    raise TemplateDoesNotExist(", ".join(template_name_list), chain=chain)
django.template.exceptions.TemplateDoesNotExist: registration/login.html
Internal Server Error: /login/
Traceback (most recent call last):
  File "C:\Users\Пользователь\Desktop\code_dipl\venv\Lib\site-packages\django\core\handlers\exception.py", line 55, in inner
    response = get_response(request)
               ^^^^^^^^^^^^^^^^^^^^^
  File "C:\Users\Пользователь\Desktop\code_dipl\venv\Lib\site-packages\django\core\handlers\base.py", line 220, in _get_response
    response = response.render()
               ^^^^^^^^^^^^^^^^^
  File "C:\Users\Пользователь\Desktop\code_dipl\venv\Lib\site-packages\django\template\response.py", line 114, in render
    self.content = self.rendered_content
                   ^^^^^^^^^^^^^^^^^^^^^
  File "C:\Users\Пользователь\Desktop\code_dipl\venv\Lib\site-packages\django\template\response.py", line 90, in rendered_content
    template = self.resolve_template(self.template_name)
               ^^^^^^^^^^^^^^^^^^^^^^^^^^^^^^^^^^^^^^^^^
  File "C:\Users\Пользователь\Desktop\code_dipl\venv\Lib\site-packages\django\template\response.py", line 72, in resolve_template
    return select_template(template, using=self.using)
           ^^^^^^^^^^^^^^^^^^^^^^^^^^^^^^^^^^^^^^^^^^^
  File "C:\Users\Пользователь\Desktop\code_dipl\venv\Lib\site-packages\django\template\loader.py", line 47, in select_template
    raise TemplateDoesNotExist(", ".join(template_name_list), chain=chain)
django.template.exceptions.TemplateDoesNotExist: registration/login.html
Internal Server Error: /login/
Traceback (most recent call last):
  File "C:\Users\Пользователь\Desktop\code_dipl\venv\Lib\site-packages\django\core\handlers\exception.py", line 55, in inner
    response = get_response(request)
               ^^^^^^^^^^^^^^^^^^^^^
  File "C:\Users\Пользователь\Desktop\code_dipl\venv\Lib\site-packages\django\core\handlers\base.py", line 220, in _get_response
    response = response.render()
               ^^^^^^^^^^^^^^^^^
  File "C:\Users\Пользователь\Desktop\code_dipl\venv\Lib\site-packages\django\template\response.py", line 114, in render
    self.content = self.rendered_content
                   ^^^^^^^^^^^^^^^^^^^^^
  File "C:\Users\Пользователь\Desktop\code_dipl\venv\Lib\site-packages\django\template\response.py", line 92, in rendered_content
    return template.render(context, self._request)
           ^^^^^^^^^^^^^^^^^^^^^^^^^^^^^^^^^^^^^^^
  File "C:\Users\Пользователь\Desktop\code_dipl\venv\Lib\site-packages\django\template\backends\django.py", line 61, in render
    return self.template.render(context)
           ^^^^^^^^^^^^^^^^^^^^^^^^^^^^^
  File "C:\Users\Пользователь\Desktop\code_dipl\venv\Lib\site-packages\django\template\base.py", line 175, in render
    return self._render(context)
           ^^^^^^^^^^^^^^^^^^^^^
  File "C:\Users\Пользователь\Desktop\code_dipl\venv\Lib\site-packages\django\template\base.py", line 167, in _render
    return self.nodelist.render(context)
           ^^^^^^^^^^^^^^^^^^^^^^^^^^^^^
  File "C:\Users\Пользователь\Desktop\code_dipl\venv\Lib\site-packages\django\template\base.py", line 1005, in render
    return SafeString("".join([node.render_annotated(context) for node in self]))
                              ^^^^^^^^^^^^^^^^^^^^^^^^^^^^^^^^^^^^^^^^^^^^^^^^^
  File "C:\Users\Пользователь\Desktop\code_dipl\venv\Lib\site-packages\django\template\base.py", line 1005, in <listcomp>
    return SafeString("".join([node.render_annotated(context) for node in self]))
                               ^^^^^^^^^^^^^^^^^^^^^^^^^^^^^^
  File "C:\Users\Пользователь\Desktop\code_dipl\venv\Lib\site-packages\django\template\base.py", line 966, in render_annotated
    return self.render(context)
           ^^^^^^^^^^^^^^^^^^^^
  File "C:\Users\Пользователь\Desktop\code_dipl\venv\Lib\site-packages\django\template\loader_tags.py", line 132, in render
    compiled_parent = self.get_parent(context)
                      ^^^^^^^^^^^^^^^^^^^^^^^^
  File "C:\Users\Пользователь\Desktop\code_dipl\venv\Lib\site-packages\django\template\loader_tags.py", line 129, in get_parent
    return self.find_template(parent, context)
           ^^^^^^^^^^^^^^^^^^^^^^^^^^^^^^^^^^^
  File "C:\Users\Пользователь\Desktop\code_dipl\venv\Lib\site-packages\django\template\loader_tags.py", line 107, in find_template
    template, origin = context.template.engine.find_template(
                       ^^^^^^^^^^^^^^^^^^^^^^^^^^^^^^^^^^^^^^
  File "C:\Users\Пользователь\Desktop\code_dipl\venv\Lib\site-packages\django\template\engine.py", line 157, in find_template
    template = loader.get_template(name, skip=skip)
               ^^^^^^^^^^^^^^^^^^^^^^^^^^^^^^^^^^^^
  File "C:\Users\Пользователь\Desktop\code_dipl\venv\Lib\site-packages\django\template\loaders\cached.py", line 57, in get_template
    template = super().get_template(template_name, skip)
               ^^^^^^^^^^^^^^^^^^^^^^^^^^^^^^^^^^^^^^^^^
  File "C:\Users\Пользователь\Desktop\code_dipl\venv\Lib\site-packages\django\template\loaders\base.py", line 28, in get_template
    return Template(
           ^^^^^^^^^
  File "C:\Users\Пользователь\Desktop\code_dipl\venv\Lib\site-packages\django\template\base.py", line 154, in __init__
    self.nodelist = self.compile_nodelist()
                    ^^^^^^^^^^^^^^^^^^^^^^^
  File "C:\Users\Пользователь\Desktop\code_dipl\venv\Lib\site-packages\django\template\base.py", line 200, in compile_nodelist
    return parser.parse()
           ^^^^^^^^^^^^^^
  File "C:\Users\Пользователь\Desktop\code_dipl\venv\Lib\site-packages\django\template\base.py", line 513, in parse
    raise self.error(token, e)
  File "C:\Users\Пользователь\Desktop\code_dipl\venv\Lib\site-packages\django\template\base.py", line 511, in parse
    compiled_result = compile_func(self, token)
                      ^^^^^^^^^^^^^^^^^^^^^^^^^
  File "C:\Users\Пользователь\Desktop\code_dipl\venv\Lib\site-packages\django\template\defaulttags.py", line 953, in do_if
    nodelist = parser.parse(("elif", "else", "endif"))
               ^^^^^^^^^^^^^^^^^^^^^^^^^^^^^^^^^^^^^^^
  File "C:\Users\Пользователь\Desktop\code_dipl\venv\Lib\site-packages\django\template\base.py", line 518, in parse
    self.unclosed_block_tag(parse_until)
  File "C:\Users\Пользователь\Desktop\code_dipl\venv\Lib\site-packages\django\template\base.py", line 581, in unclosed_block_tag
    raise self.error(token, msg)
django.template.exceptions.TemplateSyntaxError: Unclosed tag on line 26: 'if'. Looking for one of: elif, else, endif.
Internal Server Error: /login/
Traceback (most recent call last):
  File "C:\Users\Пользователь\Desktop\code_dipl\venv\Lib\site-packages\django\core\handlers\exception.py", line 55, in inner
    response = get_response(request)
               ^^^^^^^^^^^^^^^^^^^^^
  File "C:\Users\Пользователь\Desktop\code_dipl\venv\Lib\site-packages\django\core\handlers\base.py", line 220, in _get_response
    response = response.render()
               ^^^^^^^^^^^^^^^^^
  File "C:\Users\Пользователь\Desktop\code_dipl\venv\Lib\site-packages\django\template\response.py", line 114, in render
    self.content = self.rendered_content
                   ^^^^^^^^^^^^^^^^^^^^^
  File "C:\Users\Пользователь\Desktop\code_dipl\venv\Lib\site-packages\django\template\response.py", line 92, in rendered_content
    return template.render(context, self._request)
           ^^^^^^^^^^^^^^^^^^^^^^^^^^^^^^^^^^^^^^^
  File "C:\Users\Пользователь\Desktop\code_dipl\venv\Lib\site-packages\django\template\backends\django.py", line 61, in render
    return self.template.render(context)
           ^^^^^^^^^^^^^^^^^^^^^^^^^^^^^
  File "C:\Users\Пользователь\Desktop\code_dipl\venv\Lib\site-packages\django\template\base.py", line 175, in render
    return self._render(context)
           ^^^^^^^^^^^^^^^^^^^^^
  File "C:\Users\Пользователь\Desktop\code_dipl\venv\Lib\site-packages\django\template\base.py", line 167, in _render
    return self.nodelist.render(context)
           ^^^^^^^^^^^^^^^^^^^^^^^^^^^^^
  File "C:\Users\Пользователь\Desktop\code_dipl\venv\Lib\site-packages\django\template\base.py", line 1005, in render
    return SafeString("".join([node.render_annotated(context) for node in self]))
                              ^^^^^^^^^^^^^^^^^^^^^^^^^^^^^^^^^^^^^^^^^^^^^^^^^
  File "C:\Users\Пользователь\Desktop\code_dipl\venv\Lib\site-packages\django\template\base.py", line 1005, in <listcomp>
    return SafeString("".join([node.render_annotated(context) for node in self]))
                               ^^^^^^^^^^^^^^^^^^^^^^^^^^^^^^
  File "C:\Users\Пользователь\Desktop\code_dipl\venv\Lib\site-packages\django\template\base.py", line 966, in render_annotated
    return self.render(context)
           ^^^^^^^^^^^^^^^^^^^^
  File "C:\Users\Пользователь\Desktop\code_dipl\venv\Lib\site-packages\django\template\loader_tags.py", line 132, in render
    compiled_parent = self.get_parent(context)
                      ^^^^^^^^^^^^^^^^^^^^^^^^
  File "C:\Users\Пользователь\Desktop\code_dipl\venv\Lib\site-packages\django\template\loader_tags.py", line 129, in get_parent
    return self.find_template(parent, context)
           ^^^^^^^^^^^^^^^^^^^^^^^^^^^^^^^^^^^
  File "C:\Users\Пользователь\Desktop\code_dipl\venv\Lib\site-packages\django\template\loader_tags.py", line 107, in find_template
    template, origin = context.template.engine.find_template(
                       ^^^^^^^^^^^^^^^^^^^^^^^^^^^^^^^^^^^^^^
  File "C:\Users\Пользователь\Desktop\code_dipl\venv\Lib\site-packages\django\template\engine.py", line 157, in find_template
    template = loader.get_template(name, skip=skip)
               ^^^^^^^^^^^^^^^^^^^^^^^^^^^^^^^^^^^^
  File "C:\Users\Пользователь\Desktop\code_dipl\venv\Lib\site-packages\django\template\loaders\cached.py", line 57, in get_template
    template = super().get_template(template_name, skip)
               ^^^^^^^^^^^^^^^^^^^^^^^^^^^^^^^^^^^^^^^^^
  File "C:\Users\Пользователь\Desktop\code_dipl\venv\Lib\site-packages\django\template\loaders\base.py", line 28, in get_template
    return Template(
           ^^^^^^^^^
  File "C:\Users\Пользователь\Desktop\code_dipl\venv\Lib\site-packages\django\template\base.py", line 154, in __init__
    self.nodelist = self.compile_nodelist()
                    ^^^^^^^^^^^^^^^^^^^^^^^
  File "C:\Users\Пользователь\Desktop\code_dipl\venv\Lib\site-packages\django\template\base.py", line 200, in compile_nodelist
    return parser.parse()
           ^^^^^^^^^^^^^^
  File "C:\Users\Пользователь\Desktop\code_dipl\venv\Lib\site-packages\django\template\base.py", line 513, in parse
    raise self.error(token, e)
  File "C:\Users\Пользователь\Desktop\code_dipl\venv\Lib\site-packages\django\template\base.py", line 511, in parse
    compiled_result = compile_func(self, token)
                      ^^^^^^^^^^^^^^^^^^^^^^^^^
  File "C:\Users\Пользователь\Desktop\code_dipl\venv\Lib\site-packages\django\template\defaulttags.py", line 953, in do_if
    nodelist = parser.parse(("elif", "else", "endif"))
               ^^^^^^^^^^^^^^^^^^^^^^^^^^^^^^^^^^^^^^^
  File "C:\Users\Пользователь\Desktop\code_dipl\venv\Lib\site-packages\django\template\base.py", line 513, in parse
    raise self.error(token, e)
  File "C:\Users\Пользователь\Desktop\code_dipl\venv\Lib\site-packages\django\template\base.py", line 511, in parse
    compiled_result = compile_func(self, token)
                      ^^^^^^^^^^^^^^^^^^^^^^^^^
  File "C:\Users\Пользователь\Desktop\code_dipl\venv\Lib\site-packages\django\template\defaulttags.py", line 953, in do_if
    nodelist = parser.parse(("elif", "else", "endif"))
               ^^^^^^^^^^^^^^^^^^^^^^^^^^^^^^^^^^^^^^^
  File "C:\Users\Пользователь\Desktop\code_dipl\venv\Lib\site-packages\django\template\base.py", line 518, in parse
    self.unclosed_block_tag(parse_until)
  File "C:\Users\Пользователь\Desktop\code_dipl\venv\Lib\site-packages\django\template\base.py", line 581, in unclosed_block_tag
    raise self.error(token, msg)
django.template.exceptions.TemplateSyntaxError: Unclosed tag on line 39: 'if'. Looking for one of: elif, else, endif.
Internal Server Error: /login/
Traceback (most recent call last):
  File "C:\Users\Пользователь\Desktop\code_dipl\venv\Lib\site-packages\django\core\handlers\exception.py", line 55, in inner
    response = get_response(request)
               ^^^^^^^^^^^^^^^^^^^^^
  File "C:\Users\Пользователь\Desktop\code_dipl\venv\Lib\site-packages\django\core\handlers\base.py", line 220, in _get_response
    response = response.render()
               ^^^^^^^^^^^^^^^^^
  File "C:\Users\Пользователь\Desktop\code_dipl\venv\Lib\site-packages\django\template\response.py", line 114, in render
    self.content = self.rendered_content
                   ^^^^^^^^^^^^^^^^^^^^^
  File "C:\Users\Пользователь\Desktop\code_dipl\venv\Lib\site-packages\django\template\response.py", line 92, in rendered_content
    return template.render(context, self._request)
           ^^^^^^^^^^^^^^^^^^^^^^^^^^^^^^^^^^^^^^^
  File "C:\Users\Пользователь\Desktop\code_dipl\venv\Lib\site-packages\django\template\backends\django.py", line 61, in render
    return self.template.render(context)
           ^^^^^^^^^^^^^^^^^^^^^^^^^^^^^
  File "C:\Users\Пользователь\Desktop\code_dipl\venv\Lib\site-packages\django\template\base.py", line 175, in render
    return self._render(context)
           ^^^^^^^^^^^^^^^^^^^^^
  File "C:\Users\Пользователь\Desktop\code_dipl\venv\Lib\site-packages\django\template\base.py", line 167, in _render
    return self.nodelist.render(context)
           ^^^^^^^^^^^^^^^^^^^^^^^^^^^^^
  File "C:\Users\Пользователь\Desktop\code_dipl\venv\Lib\site-packages\django\template\base.py", line 1005, in render
    return SafeString("".join([node.render_annotated(context) for node in self]))
                              ^^^^^^^^^^^^^^^^^^^^^^^^^^^^^^^^^^^^^^^^^^^^^^^^^
  File "C:\Users\Пользователь\Desktop\code_dipl\venv\Lib\site-packages\django\template\base.py", line 1005, in <listcomp>
    return SafeString("".join([node.render_annotated(context) for node in self]))
                               ^^^^^^^^^^^^^^^^^^^^^^^^^^^^^^
  File "C:\Users\Пользователь\Desktop\code_dipl\venv\Lib\site-packages\django\template\base.py", line 966, in render_annotated
    return self.render(context)
           ^^^^^^^^^^^^^^^^^^^^
  File "C:\Users\Пользователь\Desktop\code_dipl\venv\Lib\site-packages\django\template\loader_tags.py", line 132, in render
    compiled_parent = self.get_parent(context)
                      ^^^^^^^^^^^^^^^^^^^^^^^^
  File "C:\Users\Пользователь\Desktop\code_dipl\venv\Lib\site-packages\django\template\loader_tags.py", line 129, in get_parent
    return self.find_template(parent, context)
           ^^^^^^^^^^^^^^^^^^^^^^^^^^^^^^^^^^^
  File "C:\Users\Пользователь\Desktop\code_dipl\venv\Lib\site-packages\django\template\loader_tags.py", line 107, in find_template
    template, origin = context.template.engine.find_template(
                       ^^^^^^^^^^^^^^^^^^^^^^^^^^^^^^^^^^^^^^
  File "C:\Users\Пользователь\Desktop\code_dipl\venv\Lib\site-packages\django\template\engine.py", line 157, in find_template
    template = loader.get_template(name, skip=skip)
               ^^^^^^^^^^^^^^^^^^^^^^^^^^^^^^^^^^^^
  File "C:\Users\Пользователь\Desktop\code_dipl\venv\Lib\site-packages\django\template\loaders\cached.py", line 57, in get_template
    template = super().get_template(template_name, skip)
               ^^^^^^^^^^^^^^^^^^^^^^^^^^^^^^^^^^^^^^^^^
  File "C:\Users\Пользователь\Desktop\code_dipl\venv\Lib\site-packages\django\template\loaders\base.py", line 28, in get_template
    return Template(
           ^^^^^^^^^
  File "C:\Users\Пользователь\Desktop\code_dipl\venv\Lib\site-packages\django\template\base.py", line 154, in __init__
    self.nodelist = self.compile_nodelist()
                    ^^^^^^^^^^^^^^^^^^^^^^^
  File "C:\Users\Пользователь\Desktop\code_dipl\venv\Lib\site-packages\django\template\base.py", line 200, in compile_nodelist
    return parser.parse()
           ^^^^^^^^^^^^^^
  File "C:\Users\Пользователь\Desktop\code_dipl\venv\Lib\site-packages\django\template\base.py", line 513, in parse
    raise self.error(token, e)
  File "C:\Users\Пользователь\Desktop\code_dipl\venv\Lib\site-packages\django\template\base.py", line 511, in parse
    compiled_result = compile_func(self, token)
                      ^^^^^^^^^^^^^^^^^^^^^^^^^
  File "C:\Users\Пользователь\Desktop\code_dipl\venv\Lib\site-packages\django\template\defaulttags.py", line 953, in do_if
    nodelist = parser.parse(("elif", "else", "endif"))
               ^^^^^^^^^^^^^^^^^^^^^^^^^^^^^^^^^^^^^^^
  File "C:\Users\Пользователь\Desktop\code_dipl\venv\Lib\site-packages\django\template\base.py", line 513, in parse
    raise self.error(token, e)
  File "C:\Users\Пользователь\Desktop\code_dipl\venv\Lib\site-packages\django\template\base.py", line 511, in parse
    compiled_result = compile_func(self, token)
                      ^^^^^^^^^^^^^^^^^^^^^^^^^
  File "C:\Users\Пользователь\Desktop\code_dipl\venv\Lib\site-packages\django\template\defaulttags.py", line 953, in do_if
    nodelist = parser.parse(("elif", "else", "endif"))
               ^^^^^^^^^^^^^^^^^^^^^^^^^^^^^^^^^^^^^^^
  File "C:\Users\Пользователь\Desktop\code_dipl\venv\Lib\site-packages\django\template\base.py", line 518, in parse
    self.unclosed_block_tag(parse_until)
  File "C:\Users\Пользователь\Desktop\code_dipl\venv\Lib\site-packages\django\template\base.py", line 581, in unclosed_block_tag
    raise self.error(token, msg)
django.template.exceptions.TemplateSyntaxError: Unclosed tag on line 39: 'if'. Looking for one of: elif, else, endif.
Not Found: /.well-known/appspecific/com.chrome.devtools.json
Not Found: /.well-known/appspecific/com.chrome.devtools.json
 Сценарий 1: Все работы на 1-й странице
 XLSX сохранён: C:\Users\Пользователь\Desktop\code_dipl\media\output\tmpybt440ym.xlsx
 Заполнено работ: 0
   Работа 1: рарарара | За период: 500
 XLSX сохранён: C:\Users\Пользователь\Desktop\code_dipl\media\output\tmp24unicug.xlsx
 Заполнено работ: 1 из 14
 Итого за период: 500.0
Watching for file changes with StatReloader
Not Found: /favicon.ico
Not Found: /.well-known/appspecific/com.chrome.devtools.json
Not Found: /.well-known/appspecific/com.chrome.devtools.json
Not Found: /.well-known/appspecific/com.chrome.devtools.json
Not Found: /.well-known/appspecific/com.chrome.devtools.json
Not Found: /.well-known/appspecific/com.chrome.devtools.json
Watching for file changes with StatReloader
Not Found: /favicon.ico
Watching for file changes with StatReloader
Forbidden (Origin checking failed - https://localhost:8000 does not match any trusted origins.): /login/
/workspaces/diplomik/code_dipl/mo69_app/settings.py changed, reloading.
Watching for file changes with StatReloader
/workspaces/diplomik/code_dipl/acts/models.py changed, reloading.
Watching for file changes with StatReloader
/workspaces/diplomik/code_dipl/acts/models.py changed, reloading.
Watching for file changes with StatReloader
/workspaces/diplomik/code_dipl/acts/models.py changed, reloading.
Watching for file changes with StatReloader
Watching for file changes with StatReloader
рҹ“Ҙ Р“РөРҪРөСҖР°СҶРёСҸ pdf РҙР»СҸ Р°РәСӮР° 123-РҡРЎ
   Р Р°РұРҫСӮР° 1: СҖР°СҖР°СҖР°СҖР° | Р—Р° РҝРөСҖРёРҫРҙ: 500.00
Watching for file changes with StatReloader
рҹ“Ҙ Р“РөРҪРөСҖР°СҶРёСҸ pdf РҙР»СҸ Р°РәСӮР° 123-РҡРЎ
   Р Р°РұРҫСӮР° 1: СҖР°СҖР°СҖР°СҖР° | Р—Р° РҝРөСҖРёРҫРҙ: 500.00
Watching for file changes with StatReloader
рҹ“Ҙ Р“РөРҪРөСҖР°СҶРёСҸ pdf РҙР»СҸ Р°РәСӮР° 123-РҡРЎ
   Р Р°РұРҫСӮР° 1: СҖР°СҖР°СҖР°СҖР° | Р—Р° РҝРөСҖРёРҫРҙ: 500.00
Watching for file changes with StatReloader
рҹ“Ҙ Р“РөРҪРөСҖР°СҶРёСҸ pdf РҙР»СҸ Р°РәСӮР° 123-РҡРЎ
   Р Р°РұРҫСӮР° 1: СҖР°СҖР°СҖР°СҖР° | Р—Р° РҝРөСҖРёРҫРҙ: 500.00
 PDF СҒРҫС…СҖР°РҪС‘РҪ: /workspaces/diplomik/code_dipl/media/output/tmphxg0yiz8.pdf
 Р—Р°РҝРҫР»РҪРөРҪРҫ СҖР°РұРҫСӮ: 1 РёР· 14
 РҳСӮРҫРіРҫ Р·Р° РҝРөСҖРёРҫРҙ: 500.0
рҹ“Ҙ Р“РөРҪРөСҖР°СҶРёСҸ xlsx РҙР»СҸ Р°РәСӮР° 123-РҡРЎ
   Р Р°РұРҫСӮР° 1: СҖР°СҖР°СҖР°СҖР° | Р—Р° РҝРөСҖРёРҫРҙ: 500.00
 XLSX СҒРҫС…СҖР°РҪС‘РҪ: /workspaces/diplomik/code_dipl/media/output/tmp9pmvk64k.xlsx
 Р—Р°РҝРҫР»РҪРөРҪРҫ СҖР°РұРҫСӮ: 1 РёР· 14
 РҳСӮРҫРіРҫ Р·Р° РҝРөСҖРёРҫРҙ: 500.0
рҹ“Ҙ Р“РөРҪРөСҖР°СҶРёСҸ pdf РҙР»СҸ Р°РәСӮР° 123-РҡРЎ
   Р Р°РұРҫСӮР° 1: СҖР°СҖР°СҖР°СҖР° | Р—Р° РҝРөСҖРёРҫРҙ: 500.00
 PDF СҒРҫС…СҖР°РҪС‘РҪ: /workspaces/diplomik/code_dipl/media/output/tmp3p1tz807.pdf
 Р—Р°РҝРҫР»РҪРөРҪРҫ СҖР°РұРҫСӮ: 1 РёР· 14
 РҳСӮРҫРіРҫ Р·Р° РҝРөСҖРёРҫРҙ: 500.0
рҹ“Ҙ Р“РөРҪРөСҖР°СҶРёСҸ pdf РҙР»СҸ Р°РәСӮР° 6
   Р Р°РұРҫСӮР° 1: РІСӢРІСӢРІРІСӢ | РҡРҫР»-РІРҫ: 5.000 | РҰРөРҪР°: 50.00
 РЎСҶРөРҪР°СҖРёР№ 1: Р’СҒРө СҖР°РұРҫСӮСӢ РҪР° 1-Р№ СҒСӮСҖР°РҪРёСҶРө
 PDF СҒРҫС…СҖР°РҪС‘РҪ: /workspaces/diplomik/code_dipl/media/output/tmpdfa6rgar.pdf
 Р—Р°РҝРҫР»РҪРөРҪРҫ СҖР°РұРҫСӮ: 1
рҹ“Ҙ Р“РөРҪРөСҖР°СҶРёСҸ xlsx РҙР»СҸ Р°РәСӮР° 6
   Р Р°РұРҫСӮР° 1: РІСӢРІСӢРІРІСӢ | РҡРҫР»-РІРҫ: 5.000 | РҰРөРҪР°: 50.00
 РЎСҶРөРҪР°СҖРёР№ 1: Р’СҒРө СҖР°РұРҫСӮСӢ РҪР° 1-Р№ СҒСӮСҖР°РҪРёСҶРө
 XLSX СҒРҫС…СҖР°РҪС‘РҪ: /workspaces/diplomik/code_dipl/media/output/tmp_53904g5.xlsx
 Р—Р°РҝРҫР»РҪРөРҪРҫ СҖР°РұРҫСӮ: 1
Watching for file changes with StatReloader
рҹ“Ҙ Р“РөРҪРөСҖР°СҶРёСҸ xlsx РҙР»СҸ Р°РәСӮР° 6
   Р Р°РұРҫСӮР° 1: РІСӢРІСӢРІРІСӢ | РҡРҫР»-РІРҫ: 5.000 | РҰРөРҪР°: 50.00
 РЎСҶРөРҪР°СҖРёР№ 1: Р’СҒРө СҖР°РұРҫСӮСӢ РҪР° 1-Р№ СҒСӮСҖР°РҪРёСҶРө
 XLSX СҒРҫС…СҖР°РҪС‘РҪ: /workspaces/diplomik/code_dipl/media/output/tmpul6xdzo6.xlsx
 Р—Р°РҝРҫР»РҪРөРҪРҫ СҖР°РұРҫСӮ: 1
рҹ“Ҙ Р“РөРҪРөСҖР°СҶРёСҸ pdf РҙР»СҸ Р°РәСӮР° 6
   Р Р°РұРҫСӮР° 1: РІСӢРІСӢРІРІСӢ | РҡРҫР»-РІРҫ: 5.000 | РҰРөРҪР°: 50.00
 РЎСҶРөРҪР°СҖРёР№ 1: Р’СҒРө СҖР°РұРҫСӮСӢ РҪР° 1-Р№ СҒСӮСҖР°РҪРёСҶРө
 PDF СҒРҫС…СҖР°РҪС‘РҪ: /workspaces/diplomik/code_dipl/media/output/tmp5444vtrs.pdf
 Р—Р°РҝРҫР»РҪРөРҪРҫ СҖР°РұРҫСӮ: 1
Watching for file changes with StatReloader
рҹ“Ҙ Р“РөРҪРөСҖР°СҶРёСҸ pdf РҙР»СҸ Р°РәСӮР° 6
   Р Р°РұРҫСӮР° 1: РІСӢРІСӢРІРІСӢ | РҡРҫР»-РІРҫ: 5.000 | РҰРөРҪР°: 50.00
 РЎСҶРөРҪР°СҖРёР№ 1: Р’СҒРө СҖР°РұРҫСӮСӢ РҪР° 1-Р№ СҒСӮСҖР°РҪРёСҶРө
 PDF СҒРҫС…СҖР°РҪС‘РҪ: /workspaces/diplomik/code_dipl/media/output/tmpob1zlzgt.pdf
 Р—Р°РҝРҫР»РҪРөРҪРҫ СҖР°РұРҫСӮ: 1
Watching for file changes with StatReloader
Watching for file changes with StatReloader
